<?xml version="1.0" encoding="UTF-8"?>
<testng-results ignored="0" total="4" passed="4" failed="0" skipped="0">
  <reporter-output>
  </reporter-output>
  <suite started-at="2022-05-18T09:42:53 IST" name="Parallel TestSuite" finished-at="2022-05-18T09:43:05 IST" duration-ms="12067">
    <groups>
    </groups>
    <test started-at="2022-05-18T09:42:53 IST" name="Test 1" finished-at="2022-05-18T09:43:05 IST" duration-ms="12067">
      <class name="testclasses.TestNG_Parallel1">
        <test-method signature="testMethod1()[pri:0, instance:testclasses.TestNG_Parallel1@74e52303]" started-at="2022-05-18T09:42:53 IST" name="testMethod1" finished-at="2022-05-18T09:42:59 IST" duration-ms="6018" status="PASS">
          <reporter-output>
          </reporter-output>
        </test-method> <!-- testMethod1 -->
        <test-method signature="testMethod2()[pri:0, instance:testclasses.TestNG_Parallel1@74e52303]" started-at="2022-05-18T09:42:59 IST" name="testMethod2" finished-at="2022-05-18T09:43:05 IST" duration-ms="6009" status="PASS">
          <reporter-output>
          </reporter-output>
        </test-method> <!-- testMethod2 -->
      </class> <!-- testclasses.TestNG_Parallel1 -->
    </test> <!-- Test 1 -->
    <test started-at="2022-05-18T09:42:53 IST" name="Test 2" finished-at="2022-05-18T09:43:05 IST" duration-ms="12067">
      <class name="testclasses.TestNG_Parallel2">
        <test-method signature="testMethod1()[pri:0, instance:testclasses.TestNG_Parallel2@7d8995e]" started-at="2022-05-18T09:42:53 IST" name="testMethod1" finished-at="2022-05-18T09:42:59 IST" duration-ms="6018" status="PASS">
          <reporter-output>
          </reporter-output>
        </test-method> <!-- testMethod1 -->
        <test-method signature="testMethod2()[pri:0, instance:testclasses.TestNG_Parallel2@7d8995e]" started-at="2022-05-18T09:42:59 IST" name="testMethod2" finished-at="2022-05-18T09:43:05 IST" duration-ms="6008" status="PASS">
          <reporter-output>
          </reporter-output>
        </test-method> <!-- testMethod2 -->
      </class> <!-- testclasses.TestNG_Parallel2 -->
    </test> <!-- Test 2 -->
  </suite> <!-- Parallel TestSuite -->
</testng-results>
