<?xml version="1.0" encoding="UTF-8"?>
<!-- Generated by org.testng.reporters.JUnitXMLReporter -->
<testsuite ignored="0" hostname="LAPTOP-N7HJO66S" failures="1" tests="3" name="Application Test" time="0.05" errors="0" timestamp="2022-05-14T21:31:38 IST">
  <testcase classname="testclasses.TestNG_ReportsAndLogs" name="testMethod2" time="0.007">
    <failure type="java.lang.AssertionError" message="expected [true] but found [false]">
      <![CDATA[java.lang.AssertionError: expected [true] but found [false]
at testclasses.TestNG_ReportsAndLogs.testMethod2(TestNG_ReportsAndLogs.java:41)
at java.base/java.util.ArrayList.forEach(ArrayList.java:1511)
... Removed 31 stack frames]]>
    </failure>
  </testcase> <!-- testMethod2 -->
  <testcase classname="testclasses.TestNG_ReportsAndLogs" name="testMethod1" time="0.001"/>
  <testcase classname="testclasses.TestNG_ReportsAndLogs" name="testMethod3" time="0.0">
    <skipped/>
  </testcase> <!-- testMethod3 -->
</testsuite> <!-- Application Test -->
