<?xml version="1.0" encoding="UTF-8"?>
<!-- Generated by org.testng.reporters.JUnitXMLReporter -->
<testsuite ignored="0" hostname="LAPTOP-N7HJO66S" failures="1" tests="2" name="Application Test1" time="0.044" errors="0" timestamp="2022-02-13T00:32:07 IST">
  <testcase classname="testclasses.TestNG_ListenersTest1" name="testMethod1" time="0.006"/>
  <testcase classname="testclasses.TestNG_ListenersTest1" name="testMethod2" time="0.002">
    <failure type="java.lang.AssertionError" message="expected [true] but found [false]">
      <![CDATA[java.lang.AssertionError: expected [true] but found [false]
at testclasses.TestNG_ListenersTest1.testMethod2(TestNG_ListenersTest1.java:33)
at java.base/java.util.ArrayList.forEach(ArrayList.java:1511)
... Removed 31 stack frames]]>
    </failure>
  </testcase> <!-- testMethod2 -->
</testsuite> <!-- Application Test1 -->
